<?xml version="1.0" encoding="UTF-8"?>
<!-- Generated by org.testng.reporters.JUnitReportReporter -->
<testsuite hostname="Shahnozas-MacBook-Air.local" failures="0" tests="5" name="com.exelenter.class05._02_HW_AddEmployee" time="68.349" errors="0" timestamp="2023-02-15T20:09:49 MST" skipped="0">
  <testcase classname="com.exelenter.class05._02_HW_AddEmployee" name="addEmployeeTest" time="14.423"/>
  <system-out/>
  <testcase classname="com.exelenter.class05._02_HW_AddEmployee" name="addEmployeeTest" time="13.081"/>
  <system-out/>
  <testcase classname="com.exelenter.class05._02_HW_AddEmployee" name="addEmployeeTest" time="13.732"/>
  <system-out/>
  <testcase classname="com.exelenter.class05._02_HW_AddEmployee" name="addEmployeeTest" time="14.332"/>
  <system-out/>
  <testcase classname="com.exelenter.class05._02_HW_AddEmployee" name="addEmployeeTest" time="12.781"/>
  <system-out/>
</testsuite> <!-- com.exelenter.class05._02_HW_AddEmployee -->
