<?xml version="1.0" encoding="UTF-8"?>
<!-- Generated by org.testng.reporters.JUnitReportReporter -->
<testsuite hostname="Shahnozas-MacBook-Air.local" failures="0" tests="3" name="com.exelenter.class04._04_DataProviderDemo3" time="17.793" errors="0" timestamp="2023-02-13T20:18:22 MST" skipped="0">
  <testcase classname="com.exelenter.class04._04_DataProviderDemo3" name="loginTest" time="5.321"/>
  <system-out/>
  <testcase classname="com.exelenter.class04._04_DataProviderDemo3" name="loginTest" time="6.976"/>
  <system-out/>
  <testcase classname="com.exelenter.class04._04_DataProviderDemo3" name="loginTest" time="5.496"/>
  <system-out/>
</testsuite> <!-- com.exelenter.class04._04_DataProviderDemo3 -->
