<?xml version="1.0" encoding="UTF-8"?>
<!-- Generated by org.testng.reporters.JUnitReportReporter -->
<testsuite hostname="Shahnozas-MacBook-Air.local" failures="0" tests="1" name="test.LoginTest" time="7.425" errors="0" timestamp="2023-02-13T23:37:36 MST" skipped="0">
  <testcase classname="test.LoginTest" name="validAdminLogin" time="7.425"/>
  <system-out/>
</testsuite> <!-- test.LoginTest -->
