<?xml version="1.0" encoding="UTF-8"?>
<!-- Generated by org.testng.reporters.JUnitReportReporter -->
<testsuite hostname="Shahnozas-MacBook-Air.local" failures="0" tests="2" name="com.exelenter.class04._05_AddEmployee" time="17.348" errors="0" timestamp="2023-02-13T19:59:35 MST" skipped="0">
  <testcase classname="com.exelenter.class04._05_AddEmployee" name="addEmployeeTest" time="9.661"/>
  <system-out/>
  <testcase classname="com.exelenter.class04._05_AddEmployee" name="addEmployeeTest" time="7.687"/>
  <system-out/>
</testsuite> <!-- com.exelenter.class04._05_AddEmployee -->
