<?xml version="1.0" encoding="UTF-8"?>
<!-- Generated by org.testng.reporters.JUnitReportReporter -->
<testsuite hostname="Shahnozas-MacBook-Air.local" failures="0" tests="2" name="com.exelenter.class05._01_ListenerDemo" time="0.003" errors="0" timestamp="2023-02-15T18:55:01 MST" skipped="0">
  <testcase classname="com.exelenter.class05._01_ListenerDemo" name="test2" time="0.000"/>
  <system-out/>
  <testcase classname="com.exelenter.class05._01_ListenerDemo" name="test1" time="0.003"/>
  <system-out/>
</testsuite> <!-- com.exelenter.class05._01_ListenerDemo -->
