<?xml version="1.0" encoding="UTF-8"?>
<!-- Generated by org.testng.reporters.JUnitReportReporter -->
<testsuite hostname="Shahnozas-MacBook-Air.local" failures="0" tests="4" name="com.exelenter.class05._02_AddEmployeeFromExcel" time="48.593" errors="0" timestamp="2023-02-17T20:35:25 MST" skipped="0">
  <testcase classname="com.exelenter.class05._02_AddEmployeeFromExcel" name="addEmployeeTest" time="12.100"/>
  <system-out/>
  <testcase classname="com.exelenter.class05._02_AddEmployeeFromExcel" name="addEmployeeTest" time="12.141"/>
  <system-out/>
  <testcase classname="com.exelenter.class05._02_AddEmployeeFromExcel" name="addEmployeeTest" time="11.509"/>
  <system-out/>
  <testcase classname="com.exelenter.class05._02_AddEmployeeFromExcel" name="addEmployeeTest" time="12.843"/>
  <system-out/>
</testsuite> <!-- com.exelenter.class05._02_AddEmployeeFromExcel -->
