<?xml version="1.0" encoding="UTF-8"?>
<!-- Generated by org.testng.reporters.JUnitReportReporter -->
<testsuite hostname="Shahnozas-MacBook-Air.local" failures="0" tests="1" name="test.AddEmployeeTest" time="8.074" errors="0" timestamp="2023-02-08T20:23:22 MST" skipped="0">
  <testcase classname="test.AddEmployeeTest" name="addEmployeeTest" time="8.074"/>
  <system-out/>
</testsuite> <!-- test.AddEmployeeTest -->
