<?xml version="1.0" encoding="UTF-8"?>
<!-- Generated by org.testng.reporters.JUnitReportReporter -->
<testsuite hostname="Shahnozas-MacBook-Air.local" failures="0" tests="6" name="com.exelenter.class04._01_GroupsDemo" time="0.020" errors="0" timestamp="2023-02-10T19:22:56 MST" skipped="0">
  <testcase classname="com.exelenter.class04._01_GroupsDemo" name="test4" time="0.002"/>
  <system-out/>
  <testcase classname="com.exelenter.class04._01_GroupsDemo" name="test5" time="0.003"/>
  <system-out/>
  <testcase classname="com.exelenter.class04._01_GroupsDemo" name="test6" time="0.004"/>
  <system-out/>
  <testcase classname="com.exelenter.class04._01_GroupsDemo" name="test3" time="0.006"/>
  <system-out/>
  <testcase classname="com.exelenter.class04._01_GroupsDemo" name="test2" time="0.005"/>
  <system-out/>
  <testcase classname="com.exelenter.class04._01_GroupsDemo" name="test1" time="0.000"/>
  <system-out/>
</testsuite> <!-- com.exelenter.class04._01_GroupsDemo -->
