<?xml version="1.0" encoding="UTF-8"?>
<!-- Generated by org.testng.reporters.JUnitReportReporter -->
<testsuite hostname="Shahnozas-MacBook-Air.local" failures="0" tests="8" name="com.exelenter.class05._03_HW_LoginTestNegative" time="39.398" errors="0" timestamp="2023-02-20T18:29:04 MST" skipped="0">
  <testcase classname="com.exelenter.class05._03_HW_LoginTestNegative" name="userLogin" time="5.797"/>
  <system-out/>
  <testcase classname="com.exelenter.class05._03_HW_LoginTestNegative" name="userLogin" time="4.372"/>
  <system-out/>
  <testcase classname="com.exelenter.class05._03_HW_LoginTestNegative" name="userLogin" time="4.439"/>
  <system-out/>
  <testcase classname="com.exelenter.class05._03_HW_LoginTestNegative" name="userLogin" time="5.773"/>
  <system-out/>
  <testcase classname="com.exelenter.class05._03_HW_LoginTestNegative" name="userLogin" time="4.694"/>
  <system-out/>
  <testcase classname="com.exelenter.class05._03_HW_LoginTestNegative" name="userLogin" time="4.320"/>
  <system-out/>
  <testcase classname="com.exelenter.class05._03_HW_LoginTestNegative" name="userLogin" time="5.754"/>
  <system-out/>
  <testcase classname="com.exelenter.class05._03_HW_LoginTestNegative" name="userLogin" time="4.249"/>
  <system-out/>
</testsuite> <!-- com.exelenter.class05._03_HW_LoginTestNegative -->
