<?xml version="1.0" encoding="UTF-8"?>
<!-- Generated by org.testng.reporters.JUnitReportReporter -->
<testsuite hostname="Shahnozas-MacBook-Air.local" failures="0" tests="3" name="com.exelenter.class04._02_DataProviderDemo" time="0.008" errors="0" timestamp="2023-02-13T18:28:46 MST" skipped="0">
  <testcase classname="com.exelenter.class04._02_DataProviderDemo" name="printData2" time="0.000"/>
  <system-out/>
  <testcase classname="com.exelenter.class04._02_DataProviderDemo" name="printData2" time="0.000"/>
  <system-out/>
  <testcase classname="com.exelenter.class04._02_DataProviderDemo" name="printData2" time="0.008"/>
  <system-out/>
</testsuite> <!-- com.exelenter.class04._02_DataProviderDemo -->
