<?xml version="1.0" encoding="UTF-8"?>
<!-- Generated by org.testng.reporters.JUnitReportReporter -->
<testsuite hostname="Shahnozas-MacBook-Air.local" failures="0" tests="3" name="com.exelenter.class04._03_DataProviderDemo2" time="23.325" errors="0" timestamp="2023-02-13T19:04:15 MST" skipped="0">
  <testcase classname="com.exelenter.class04._03_DataProviderDemo2" name="loginTest3" time="10.426"/>
  <system-out/>
  <testcase classname="com.exelenter.class04._03_DataProviderDemo2" name="loginTest1" time="6.185"/>
  <system-out/>
  <testcase classname="com.exelenter.class04._03_DataProviderDemo2" name="loginTest2" time="6.714"/>
  <system-out/>
</testsuite> <!-- com.exelenter.class04._03_DataProviderDemo2 -->
