<?xml version="1.0" encoding="UTF-8"?>
<!-- Generated by org.testng.reporters.JUnitReportReporter -->
<testsuite hostname="Shahnozas-MacBook-Air.local" failures="0" tests="4" name="com.exelenter.class05._02_AddEmployeeFromExcel" time="49.520" errors="0" timestamp="2023-02-19T18:14:45 MST" skipped="0">
  <testcase classname="com.exelenter.class05._02_AddEmployeeFromExcel" name="addEmployeeTest" time="12.539"/>
  <system-out/>
  <testcase classname="com.exelenter.class05._02_AddEmployeeFromExcel" name="addEmployeeTest" time="12.129"/>
  <system-out/>
  <testcase classname="com.exelenter.class05._02_AddEmployeeFromExcel" name="addEmployeeTest" time="12.288"/>
  <system-out/>
  <testcase classname="com.exelenter.class05._02_AddEmployeeFromExcel" name="addEmployeeTest" time="12.564"/>
  <system-out/>
</testsuite> <!-- com.exelenter.class05._02_AddEmployeeFromExcel -->
