<?xml version="1.0" encoding="UTF-8"?>
<!-- Generated by org.testng.reporters.JUnitReportReporter -->
<testsuite hostname="Shahnozas-MacBook-Air.local" failures="0" tests="2" name="com.exelenter.class04._05_AddEmployee" time="18.898" errors="0" timestamp="2023-02-15T18:05:31 MST" skipped="0">
  <testcase classname="com.exelenter.class04._05_AddEmployee" name="addEmployeeTest" time="8.438"/>
  <system-out/>
  <testcase classname="com.exelenter.class04._05_AddEmployee" name="addEmployeeTest" time="10.460"/>
  <system-out/>
</testsuite> <!-- com.exelenter.class04._05_AddEmployee -->
