<?xml version="1.0" encoding="UTF-8"?>
<!-- Generated by org.testng.reporters.JUnitReportReporter -->
<testsuite hostname="Shahnozas-MacBook-Air.local" failures="0" tests="3" name="test.LoginTest" time="14.518" errors="0" timestamp="2023-02-09T20:00:57 MST" skipped="0">
  <testcase classname="test.LoginTest" name="validAdminLogin" time="5.106"/>
  <system-out/>
  <testcase classname="test.LoginTest" name="validUserInvalidPassword" time="5.152"/>
  <system-out/>
  <testcase classname="test.LoginTest" name="validUserEmptyPassword" time="4.260"/>
  <system-out/>
</testsuite> <!-- test.LoginTest -->
